2023.04.27 19:17:35 INFO  Started: Metals version 0.11.12 in workspace 'C:\Users\LEADREMIT\Documents\ext-projects\spring-kotlin-demo\spring-kotlin-demo' for client Visual Studio Code 1.77.3.
Apr 27, 2023 7:17:35 PM org.flywaydb.core.internal.license.VersionPrinter printVersionOnly
INFO: Flyway Community Edition 9.16.3 by Redgate
Apr 27, 2023 7:17:35 PM org.flywaydb.core.internal.license.VersionPrinter printVersion
INFO: See release notes here: https://rd.gt/416ObMi
Apr 27, 2023 7:17:35 PM org.flywaydb.core.internal.license.VersionPrinter printVersion
INFO: 
Apr 27, 2023 7:17:35 PM org.flywaydb.core.internal.database.base.BaseDatabaseType createDatabase
INFO: Database: jdbc:h2:file:C:\Users\LEADREMIT\Documents\ext-projects\spring-kotlin-demo\spring-kotlin-demo\.metals\metals (H2 2.1)
Apr 27, 2023 7:17:35 PM org.flywaydb.core.internal.schemahistory.JdbcTableSchemaHistory allAppliedMigrations
INFO: Schema history table "PUBLIC"."flyway_schema_history" does not exist yet
Apr 27, 2023 7:17:35 PM org.flywaydb.core.internal.command.DbValidate validate
INFO: Successfully validated 4 migrations (execution time 00:00.032s)
Apr 27, 2023 7:17:35 PM org.flywaydb.core.internal.schemahistory.JdbcTableSchemaHistory create
INFO: Creating Schema History table "PUBLIC"."flyway_schema_history" ...
Apr 27, 2023 7:17:35 PM org.flywaydb.core.internal.command.DbMigrate migrateGroup
INFO: Current version of schema "PUBLIC": << Empty Schema >>
Apr 27, 2023 7:17:35 PM org.flywaydb.core.internal.command.DbMigrate doMigrateGroup
INFO: Migrating schema "PUBLIC" to version "1 - Create tables"
Apr 27, 2023 7:17:35 PM org.flywaydb.core.internal.command.DbMigrate doMigrateGroup
INFO: Migrating schema "PUBLIC" to version "2 - Server discovery"
Apr 27, 2023 7:17:35 PM org.flywaydb.core.internal.command.DbMigrate doMigrateGroup
INFO: Migrating schema "PUBLIC" to version "3 - Jar symbols"
Apr 27, 2023 7:17:35 PM org.flywaydb.core.internal.command.DbMigrate doMigrateGroup
INFO: Migrating schema "PUBLIC" to version "4 - Fingerprints"
Apr 27, 2023 7:17:35 PM org.flywaydb.core.internal.command.DbMigrate logSummary
INFO: Successfully applied 4 migrations to schema "PUBLIC", now at version v4 (execution time 00:00.100s)
2023.04.27 19:17:36 INFO  time: initialize in 1.03s
2023.04.27 19:17:38 WARN  Build server is not auto-connectable.
2023.04.27 19:17:46 INFO  running 'C:\Users\LEADREMIT\Documents\ext-projects\spring-kotlin-demo\spring-kotlin-demo\gradlew.bat --console=plain --init-script C:\Users\LEADRE~1\AppData\Local\Temp\metals16752050907851458329\init-script.gradle bloopInstall'
2023.04.27 19:17:56 INFO  > Task :configureBloopInstall
2023.04.27 19:18:00 INFO  > Task :bloopInstall
2023.04.27 19:18:00 INFO  
2023.04.27 19:18:00 INFO  Deprecated Gradle features were used in this build, making it incompatible with Gradle 8.0.
2023.04.27 19:18:00 INFO  
2023.04.27 19:18:00 INFO  You can use '--warning-mode all' to show the individual deprecation warnings and determine if they come from your own scripts or plugins.
2023.04.27 19:18:00 INFO  
2023.04.27 19:18:00 INFO  See https://docs.gradle.org/7.6.1/userguide/command_line_interface.html#sec:command_line_warnings
2023.04.27 19:18:00 INFO  
2023.04.27 19:18:00 INFO  BUILD SUCCESSFUL in 13s
2023.04.27 19:18:00 INFO  2 actionable tasks: 2 executed
2023.04.27 19:18:00 INFO  time: ran 'gradle bloopInstall' in 13s
2023.04.27 19:18:00 INFO  Attempting to connect to the build server...
2023.04.27 19:18:00 INFO  Bloop uses C:\Program Files\Java\jdk-17.0.3.1 defined at C:\Users\LEADREMIT\.bloop\bloop.json
2023.04.27 19:18:00 INFO  tracing is disabled for protocol BSP, to enable tracing of incoming and outgoing JSON messages create an empty file at C:\Users\LEADREMIT\Documents\ext-projects\spring-kotlin-demo\spring-kotlin-demo\.metals\bsp.trace.json or C:\Users\LEADREMIT\AppData\Local\scalameta\metals\cache\bsp.trace.json
2023.04.27 19:18:02 INFO  time: Connected to build server in 2.1s
2023.04.27 19:18:02 INFO  Connected to Build server: Bloop v1.5.6
2023.04.27 19:18:02 INFO  time: Imported build in 0.18s
2023.04.27 19:18:09 INFO  time: indexed workspace in 6.37s
Apr 27, 2023 7:19:00 PM org.eclipse.lsp4j.jsonrpc.services.GenericEndpoint notify
INFO: Unsupported notification method: $/setTrace
2023.04.27 19:20:29 INFO  Shutting down server
2023.04.27 19:20:29 INFO  shutting down Metals
2023.04.27 19:20:29 INFO  Shut down connection with build server.
2023.04.27 19:20:29 INFO  Exiting server
